<?xml version="1.0" encoding="UTF-8"?>
<testsuite xmlns:xsi="http://www.w3.org/2001/XMLSchema-instance" xsi:noNamespaceSchemaLocation="https://maven.apache.org/surefire/maven-surefire-plugin/xsd/surefire-test-report.xsd" name="seleniumWebTesting.web.tests.News.loginTest" time="159.956" tests="6" errors="0" skipped="0" failures="1">
  <properties>
[...]
</properties>
  <testcase name="checkIfFriendExists" classname="seleniumWebTesting.web.tests.News.loginTest" time="6.855"/>
  <testcase name="playMusic" classname="seleniumWebTesting.web.tests.News.loginTest" time="17.407"/>
  <testcase name="playMusicLookingToMyMassageFeelings" classname="seleniumWebTesting.web.tests.News.loginTest" time="4.169"/>
  <testcase name="playMusicWithShuffle" classname="seleniumWebTesting.web.tests.News.loginTest" time="16.001"/>
  <testcase name="searchingCommunityAndWatchingSomeMemes" classname="seleniumWebTesting.web.tests.News.loginTest" time="12.622">
    <failure message="Element not found {.pv_close_btn}&#10;Expected: visible or transparent: visible or have css value opacity=0&#10;Screenshot: file:/C:/Users/danel/Desktop/test/build/reports/tests/1579697955330.0.png&#10;Page source: file:/C:/Users/danel/Desktop/test/build/reports/tests/1579697955330.0.html&#10;Timeout: 4 s.&#10;Caused by: NoSuchElementException: no such element: Unable to locate element: {&quot;method&quot;:&quot;css selector&quot;,&quot;selector&quot;:&quot;.pv_close_btn&quot;}" type="com.codeborne.selenide.ex.ElementNotFound">com.codeborne.selenide.ex.ElementNotFound: 
Element not found {.pv_close_btn}
Expected: visible or transparent: visible or have css value opacity=0
Screenshot: file:/C:/Users/danel/Desktop/test/build/reports/tests/1579697955330.0.png
Page source: file:/C:/Users/danel/Desktop/test/build/reports/tests/1579697955330.0.html
Timeout: 4 s.
Caused by: NoSuchElementException: no such element: Unable to locate element: {"method":"css selector","selector":".pv_close_btn"}
	at seleniumWebTesting.web.tests.News.loginTest.searchingCommunityAndWatchingSomeMemes(loginTest.java:89)
Caused by: org.openqa.selenium.NoSuchElementException: 
no such element: Unable to locate element: {"method":"css selector","selector":".pv_close_btn"}
  (Session info: chrome=79.0.3945.130)
For documentation on this error, please visit: https://www.seleniumhq.org/exceptions/no_such_element.html
Build info: version: '3.141.59', revision: 'e82be7d358', time: '2018-11-14T08:17:03'
System info: host: 'DESKTOP-1JKFC5I', ip: '10.164.6.211', os.name: 'Windows 10', os.arch: 'amd64', os.version: '10.0', java.version: '1.8.0_241'
Driver info: org.openqa.selenium.chrome.ChromeDriver
Capabilities {acceptInsecureCerts: false, browserName: chrome, browserVersion: 79.0.3945.130, chrome: {chromedriverVersion: 79.0.3945.36 (3582db32b3389..., userDataDir: C:\Users\danel\AppData\Loca...}, goog:chromeOptions: {debuggerAddress: localhost:51540}, javascriptEnabled: true, networkConnectionEnabled: false, pageLoadStrategy: normal, platform: WINDOWS, platformName: WINDOWS, proxy: Proxy(), setWindowRect: true, strictFileInteractability: false, timeouts: {implicit: 0, pageLoad: 300000, script: 30000}, unhandledPromptBehavior: dismiss and notify}
Session ID: f8899b4561d3ca8f9506dea0e884dbf7
*** Element info: {Using=css selector, value=.pv_close_btn}
	at seleniumWebTesting.web.tests.News.loginTest.searchingCommunityAndWatchingSomeMemes(loginTest.java:89)
</failure>
    <system-out><![CDATA[995557345566
daneliadavid
]]></system-out>
    <system-err><![CDATA[янв 22, 2020 4:58:49 PM com.codeborne.selenide.drivercommands.CloseDriverCommand run
INFO: Close webdriver: 1 -> ChromeDriver: chrome on WINDOWS (31c40465aad273fe9b42a93ec89ffaae)
янв 22, 2020 4:58:49 PM com.codeborne.selenide.drivercommands.CloseBrowser run
INFO: Trying to close the browser ChromeDriver ...
янв 22, 2020 4:58:50 PM com.codeborne.selenide.drivercommands.CloseDriverCommand run
INFO: Closed webdriver 1 in 796 ms
янв 22, 2020 4:58:50 PM com.codeborne.selenide.impl.WebDriverThreadLocalContainer getAndCheckWebDriver
INFO: No webdriver is bound to current thread: 1 - let's create a new webdriver
Starting ChromeDriver 79.0.3945.36 (3582db32b33893869b8c1339e8f4d9ed1816f143-refs/branch-heads/3945@{#614}) on port 16987
Only local connections are allowed.
Please protect ports used by ChromeDriver and related test frameworks to prevent access by malicious code.
[1579697933.703][WARNING]: Timed out connecting to Chrome, retrying...
янв 22, 2020 4:58:55 PM org.openqa.selenium.remote.ProtocolHandshake createSession
INFO: Detected dialect: W3C
[1579697937.722][WARNING]: Timed out connecting to Chrome, retrying...
янв 22, 2020 4:58:59 PM com.codeborne.selenide.webdriver.WebDriverFactory logBrowserVersion
INFO: BrowserName=chrome Version=79.0.3945.130 Platform=WINDOWS
янв 22, 2020 4:58:59 PM com.codeborne.selenide.webdriver.WebDriverFactory createWebDriver
INFO: Selenide v. 5.4.1
янв 22, 2020 4:58:59 PM com.codeborne.selenide.webdriver.WebDriverFactory logSeleniumInfo
INFO: Selenium WebDriver v. 3.141.59 build time: 2018-11-14T08:17:03
янв 22, 2020 4:58:59 PM com.codeborne.selenide.drivercommands.CreateDriverCommand createDriver
INFO: Create webdriver in current thread 1: ChromeDriver -> ChromeDriver: chrome on WINDOWS (f8899b4561d3ca8f9506dea0e884dbf7)
]]></system-err>
  </testcase>
  <testcase name="sendMassageToPerson" classname="seleniumWebTesting.web.tests.News.loginTest" time="6.538"/>
</testsuite>